0 verbose cli [
0 verbose cli   '/usr/bin/node',
0 verbose cli   '/usr/bin/npm',
0 verbose cli   'install',
0 verbose cli   'multer',
0 verbose cli   'fs',
0 verbose cli   '--save'
0 verbose cli ]
1 info using npm@8.5.1
2 info using node@v12.22.9
3 timing npm:load:whichnode Completed in 0ms
4 timing config:load:defaults Completed in 1ms
5 timing config:load:file:/usr/share/nodejs/npm/npmrc Completed in 4ms
6 timing config:load:builtin Completed in 4ms
7 timing config:load:cli Completed in 2ms
8 timing config:load:env Completed in 0ms
9 timing config:load:file:/home/adminforserver/file-management-backend/.npmrc Completed in 0ms
10 timing config:load:project Completed in 4ms
11 timing config:load:file:/home/adminforserver/.npmrc Completed in 1ms
12 timing config:load:user Completed in 1ms
13 timing config:load:file:/etc/npmrc Completed in 0ms
14 timing config:load:global Completed in 0ms
15 timing config:load:validate Completed in 1ms
16 timing config:load:credentials Completed in 0ms
17 timing config:load:setEnvs Completed in 1ms
18 timing config:load Completed in 14ms
19 timing npm:load:configload Completed in 14ms
20 timing npm:load:setTitle Completed in 1ms
21 timing config:load:flatten Completed in 3ms
22 timing npm:load:display Completed in 4ms
23 verbose logfile /home/adminforserver/.npm/_logs/2023-11-16T16_29_35_324Z-debug-0.log
24 timing npm:load:logFile Completed in 4ms
25 timing npm:load:timers Completed in 0ms
26 timing npm:load:configScope Completed in 0ms
27 timing npm:load Completed in 23ms
28 timing arborist:ctor Completed in 1ms
29 timing idealTree:init Completed in 138ms
30 timing idealTree:userRequests Completed in 4ms
31 silly idealTree buildDeps
32 silly fetch manifest multer@*
33 timing arborist:ctor Completed in 0ms
34 http fetch GET 200 https://registry.npmjs.org/multer 250ms (cache miss)
35 silly fetch manifest fs@*
36 http fetch GET 200 https://registry.npmjs.org/fs 50ms (cache miss)
37 silly placeDep ROOT fs@0.0.1-security OK for: file-management-backend@1.0.0 want: *
38 silly placeDep ROOT multer@1.4.5-lts.1 OK for: file-management-backend@1.0.0 want: *
39 silly fetch manifest append-field@^1.0.0
40 silly fetch manifest busboy@^1.0.0
41 silly fetch manifest concat-stream@^1.5.2
42 silly fetch manifest mkdirp@^0.5.4
43 silly fetch manifest xtend@^4.0.0
44 http fetch GET 200 https://registry.npmjs.org/append-field 71ms (cache miss)
45 http fetch GET 200 https://registry.npmjs.org/concat-stream 107ms (cache miss)
46 http fetch GET 200 https://registry.npmjs.org/mkdirp 123ms (cache miss)
47 http fetch GET 200 https://registry.npmjs.org/xtend 124ms (cache miss)
48 http fetch GET 200 https://registry.npmjs.org/busboy 148ms (cache miss)
49 timing idealTree:#root Completed in 460ms
50 timing idealTree:node_modules/fs Completed in 0ms
51 silly placeDep ROOT append-field@1.0.0 OK for: multer@1.4.5-lts.1 want: ^1.0.0
52 silly placeDep ROOT busboy@1.6.0 OK for: multer@1.4.5-lts.1 want: ^1.0.0
53 silly placeDep ROOT concat-stream@1.6.2 OK for: multer@1.4.5-lts.1 want: ^1.5.2
54 silly placeDep node_modules/multer mkdirp@0.5.6 OK for: multer@1.4.5-lts.1 want: ^0.5.4
55 silly placeDep ROOT xtend@4.0.2 OK for: multer@1.4.5-lts.1 want: ^4.0.0
56 silly fetch manifest streamsearch@^1.1.0
57 silly fetch manifest buffer-from@^1.0.0
58 silly fetch manifest readable-stream@^2.2.2
59 silly fetch manifest typedarray@^0.0.6
60 silly fetch manifest minimist@^1.2.6
61 http fetch GET 200 https://registry.npmjs.org/streamsearch 78ms (cache miss)
62 http fetch GET 200 https://registry.npmjs.org/buffer-from 75ms (cache miss)
63 http fetch GET 200 https://registry.npmjs.org/typedarray 77ms (cache miss)
64 http fetch GET 200 https://registry.npmjs.org/readable-stream 79ms (cache miss)
65 http fetch GET 200 https://registry.npmjs.org/minimist 81ms (cache miss)
66 timing idealTree:node_modules/multer Completed in 96ms
67 timing idealTree:node_modules/append-field Completed in 0ms
68 silly placeDep ROOT streamsearch@1.1.0 OK for: busboy@1.6.0 want: ^1.1.0
69 timing idealTree:node_modules/busboy Completed in 2ms
70 silly placeDep ROOT buffer-from@1.1.2 OK for: concat-stream@1.6.2 want: ^1.0.0
71 silly placeDep node_modules/concat-stream readable-stream@2.3.8 OK for: concat-stream@1.6.2 want: ^2.2.2
72 silly placeDep ROOT typedarray@0.0.6 OK for: concat-stream@1.6.2 want: ^0.0.6
73 silly fetch manifest core-util-is@~1.0.0
74 silly fetch manifest isarray@~1.0.0
75 silly fetch manifest process-nextick-args@~2.0.0
76 silly fetch manifest safe-buffer@~5.1.1
77 silly fetch manifest string_decoder@~1.1.1
78 http fetch GET 200 https://registry.npmjs.org/core-util-is 57ms (cache miss)
79 http fetch GET 200 https://registry.npmjs.org/safe-buffer 60ms (cache miss)
80 http fetch GET 200 https://registry.npmjs.org/string_decoder 60ms (cache miss)
81 http fetch GET 200 https://registry.npmjs.org/process-nextick-args 61ms (cache miss)
82 http fetch GET 200 https://registry.npmjs.org/isarray 63ms (cache miss)
83 timing idealTree:node_modules/concat-stream Completed in 75ms
84 timing idealTree:node_modules/buffer-from Completed in 0ms
85 timing idealTree:node_modules/streamsearch Completed in 0ms
86 timing idealTree:node_modules/typedarray Completed in 0ms
87 timing idealTree:node_modules/xtend Completed in 0ms
88 silly placeDep ROOT core-util-is@1.0.3 OK for: readable-stream@2.3.8 want: ~1.0.0
89 silly placeDep ROOT isarray@1.0.0 OK for: readable-stream@2.3.8 want: ~1.0.0
90 silly placeDep ROOT process-nextick-args@2.0.1 OK for: readable-stream@2.3.8 want: ~2.0.0
91 silly placeDep node_modules/concat-stream safe-buffer@5.1.2 OK for: readable-stream@2.3.8 want: ~5.1.1
92 silly placeDep node_modules/concat-stream string_decoder@1.1.1 OK for: readable-stream@2.3.8 want: ~1.1.1
93 timing idealTree:node_modules/concat-stream/node_modules/readable-stream Completed in 32ms
94 timing idealTree:node_modules/core-util-is Completed in 0ms
95 timing idealTree:node_modules/isarray Completed in 0ms
96 timing idealTree:node_modules/process-nextick-args Completed in 0ms
97 timing idealTree:node_modules/concat-stream/node_modules/safe-buffer Completed in 0ms
98 timing idealTree:node_modules/concat-stream/node_modules/string_decoder Completed in 0ms
99 silly placeDep ROOT minimist@1.2.8 OK for: mkdirp@0.5.6 want: ^1.2.6
100 timing idealTree:node_modules/multer/node_modules/mkdirp Completed in 2ms
101 timing idealTree:node_modules/minimist Completed in 0ms
102 timing idealTree:buildDeps Completed in 670ms
103 timing idealTree:fixDepFlags Completed in 2ms
104 timing idealTree Completed in 818ms
105 timing reify:loadTrees Completed in 819ms
106 timing reify:diffTrees Completed in 4ms
107 silly reify moves {}
108 timing reify:retireShallow Completed in 0ms
109 timing reify:createSparse Completed in 21ms
110 timing reify:loadBundles Completed in 0ms
111 silly audit bulk request {
111 silly audit   '@gar/promisify': [ '1.1.3' ],
111 silly audit   '@mapbox/node-pre-gyp': [ '1.0.11' ],
111 silly audit   '@npmcli/fs': [ '1.1.1' ],
111 silly audit   '@npmcli/move-file': [ '1.1.2' ],
111 silly audit   '@tootallnate/once': [ '1.1.2' ],
111 silly audit   abbrev: [ '1.1.1' ],
111 silly audit   accepts: [ '1.3.8' ],
111 silly audit   'agent-base': [ '6.0.2' ],
111 silly audit   debug: [ '4.3.4', '2.6.9' ],
111 silly audit   ms: [ '2.1.2', '2.0.0', '2.1.3' ],
111 silly audit   agentkeepalive: [ '4.5.0' ],
111 silly audit   'aggregate-error': [ '3.1.0' ],
111 silly audit   'ansi-regex': [ '5.0.1' ],
111 silly audit   aproba: [ '2.0.0' ],
111 silly audit   'are-we-there-yet': [ '2.0.0', '3.0.1' ],
111 silly audit   'array-flatten': [ '1.1.1' ],
111 silly audit   'balanced-match': [ '1.0.2' ],
111 silly audit   'body-parser': [ '1.20.1' ],
111 silly audit   'brace-expansion': [ '1.1.11' ],
111 silly audit   bytes: [ '3.1.2' ],
111 silly audit   cacache: [ '15.3.0' ],
111 silly audit   'call-bind': [ '1.0.5' ],
111 silly audit   chownr: [ '2.0.0' ],
111 silly audit   'clean-stack': [ '2.2.0' ],
111 silly audit   'color-support': [ '1.1.3' ],
111 silly audit   'concat-map': [ '0.0.1' ],
111 silly audit   'console-control-strings': [ '1.1.0' ],
111 silly audit   'content-disposition': [ '0.5.4' ],
111 silly audit   'content-type': [ '1.0.5' ],
111 silly audit   cookie: [ '0.5.0' ],
111 silly audit   'cookie-signature': [ '1.0.6' ],
111 silly audit   'define-data-property': [ '1.1.1' ],
111 silly audit   delegates: [ '1.0.0' ],
111 silly audit   depd: [ '2.0.0' ],
111 silly audit   destroy: [ '1.2.0' ],
111 silly audit   'detect-libc': [ '2.0.2' ],
111 silly audit   'ee-first': [ '1.1.1' ],
111 silly audit   'emoji-regex': [ '8.0.0' ],
111 silly audit   encodeurl: [ '1.0.2' ],
111 silly audit   encoding: [ '0.1.13' ],
111 silly audit   'iconv-lite': [ '0.6.3', '0.4.24' ],
111 silly audit   'env-paths': [ '2.2.1' ],
111 silly audit   'err-code': [ '2.0.3' ],
111 silly audit   'escape-html': [ '1.0.3' ],
111 silly audit   etag: [ '1.8.1' ],
111 silly audit   express: [ '4.18.2' ],
111 silly audit   finalhandler: [ '1.2.0' ],
111 silly audit   forwarded: [ '0.2.0' ],
111 silly audit   fresh: [ '0.5.2' ],
111 silly audit   'fs-minipass': [ '2.1.0' ],
111 silly audit   'fs.realpath': [ '1.0.0' ],
111 silly audit   'function-bind': [ '1.1.2' ],
111 silly audit   gauge: [ '3.0.2', '4.0.4' ],
111 silly audit   'get-intrinsic': [ '1.2.2' ],
111 silly audit   glob: [ '7.2.3' ],
111 silly audit   gopd: [ '1.0.1' ],
111 silly audit   'graceful-fs': [ '4.2.11' ],
111 silly audit   'has-property-descriptors': [ '1.0.1' ],
111 silly audit   'has-proto': [ '1.0.1' ],
111 silly audit   'has-symbols': [ '1.0.3' ],
111 silly audit   'has-unicode': [ '2.0.1' ],
111 silly audit   hasown: [ '2.0.0' ],
111 silly audit   'http-cache-semantics': [ '4.1.1' ],
111 silly audit   'http-errors': [ '2.0.0' ],
111 silly audit   'http-proxy-agent': [ '4.0.1' ],
111 silly audit   'https-proxy-agent': [ '5.0.1' ],
111 silly audit   'humanize-ms': [ '1.2.1' ],
111 silly audit   imurmurhash: [ '0.1.4' ],
111 silly audit   'indent-string': [ '4.0.0' ],
111 silly audit   'infer-owner': [ '1.0.4' ],
111 silly audit   inflight: [ '1.0.6' ],
111 silly audit   inherits: [ '2.0.4' ],
111 silly audit   ip: [ '2.0.0' ],
111 silly audit   'ipaddr.js': [ '1.9.1' ],
111 silly audit   'is-fullwidth-code-point': [ '3.0.0' ],
111 silly audit   'is-lambda': [ '1.0.1' ],
111 silly audit   isexe: [ '2.0.0' ],
111 silly audit   'lru-cache': [ '6.0.0' ],
111 silly audit   'make-dir': [ '3.1.0' ],
111 silly audit   semver: [ '6.3.1', '7.5.4' ],
111 silly audit   'make-fetch-happen': [ '9.1.0' ],
111 silly audit   'media-typer': [ '0.3.0' ],
111 silly audit   'merge-descriptors': [ '1.0.1' ],
111 silly audit   methods: [ '1.1.2' ],
111 silly audit   mime: [ '1.6.0' ],
111 silly audit   'mime-db': [ '1.52.0' ],
111 silly audit   'mime-types': [ '2.1.35' ],
111 silly audit   minimatch: [ '3.1.2' ],
111 silly audit   minipass: [ '3.3.6', '5.0.0' ],
111 silly audit   'minipass-collect': [ '1.0.2' ],
111 silly audit   'minipass-fetch': [ '1.4.1' ],
111 silly audit   'minipass-flush': [ '1.0.5' ],
111 silly audit   'minipass-pipeline': [ '1.2.4' ],
111 silly audit   'minipass-sized': [ '1.0.3' ],
111 silly audit   minizlib: [ '2.1.2' ],
111 silly audit   mkdirp: [ '1.0.4', '0.5.6' ],
111 silly audit   negotiator: [ '0.6.3' ],
111 silly audit   'node-addon-api': [ '4.3.0' ],
111 silly audit   'node-fetch': [ '2.7.0' ],
111 silly audit   'node-gyp': [ '8.4.1' ],
111 silly audit   npmlog: [ '6.0.2', '5.0.1' ],
111 silly audit   nopt: [ '5.0.0' ],
111 silly audit   'object-assign': [ '4.1.1' ],
111 silly audit   'object-inspect': [ '1.13.1' ],
111 silly audit   'on-finished': [ '2.4.1' ],
111 silly audit   once: [ '1.4.0' ],
111 silly audit   'p-map': [ '4.0.0' ],
111 silly audit   parseurl: [ '1.3.3' ],
111 silly audit   'path-is-absolute': [ '1.0.1' ],
111 silly audit   'path-to-regexp': [ '0.1.7' ],
111 silly audit   'promise-inflight': [ '1.0.1' ],
111 silly audit   'promise-retry': [ '2.0.1' ],
111 silly audit   'proxy-addr': [ '2.0.7' ],
111 silly audit   qs: [ '6.11.0' ],
111 silly audit   'range-parser': [ '1.2.1' ],
111 silly audit   'raw-body': [ '2.5.1' ],
111 silly audit   'readable-stream': [ '3.6.2', '2.3.8' ],
111 silly audit   retry: [ '0.12.0' ],
111 silly audit   rimraf: [ '3.0.2' ],
111 silly audit   'safe-buffer': [ '5.2.1', '5.1.2' ],
111 silly audit   'safer-buffer': [ '2.1.2' ],
111 silly audit   send: [ '0.18.0' ],
111 silly audit   'serve-static': [ '1.15.0' ],
111 silly audit   'set-blocking': [ '2.0.0' ],
111 silly audit   'set-function-length': [ '1.1.1' ],
111 silly audit   setprototypeof: [ '1.2.0' ],
111 silly audit   'side-channel': [ '1.0.4' ],
111 silly audit   'signal-exit': [ '3.0.7' ],
111 silly audit   'smart-buffer': [ '4.2.0' ],
111 silly audit   socks: [ '2.7.1' ],
111 silly audit   'socks-proxy-agent': [ '6.2.1' ],
111 silly audit   sqlite3: [ '5.1.6' ],
111 silly audit   ssri: [ '8.0.1' ],
111 silly audit   statuses: [ '2.0.1' ],
111 silly audit   string_decoder: [ '1.3.0', '1.1.1' ],
111 silly audit   'string-width': [ '4.2.3' ],
111 silly audit   'strip-ansi': [ '6.0.1' ],
111 silly audit   tar: [ '6.2.0' ],
111 silly audit   toidentifier: [ '1.0.1' ],
111 silly audit   tr46: [ '0.0.3' ],
111 silly audit   'type-is': [ '1.6.18' ],
111 silly audit   'unique-filename': [ '1.1.1' ],
111 silly audit   'unique-slug': [ '2.0.2' ],
111 silly audit   unpipe: [ '1.0.0' ],
111 silly audit   'util-deprecate': [ '1.0.2' ],
111 silly audit   'utils-merge': [ '1.0.1' ],
111 silly audit   vary: [ '1.1.2' ],
111 silly audit   'webidl-conversions': [ '3.0.1' ],
111 silly audit   'whatwg-url': [ '5.0.0' ],
111 silly audit   which: [ '2.0.2' ],
111 silly audit   'wide-align': [ '1.1.5' ],
111 silly audit   wrappy: [ '1.0.2' ],
111 silly audit   yallist: [ '4.0.0' ],
111 silly audit   fs: [ '0.0.1-security' ],
111 silly audit   multer: [ '1.4.5-lts.1' ],
111 silly audit   'append-field': [ '1.0.0' ],
111 silly audit   busboy: [ '1.6.0' ],
111 silly audit   'concat-stream': [ '1.6.2' ],
111 silly audit   xtend: [ '4.0.2' ],
111 silly audit   streamsearch: [ '1.1.0' ],
111 silly audit   'buffer-from': [ '1.1.2' ],
111 silly audit   typedarray: [ '0.0.6' ],
111 silly audit   'core-util-is': [ '1.0.3' ],
111 silly audit   isarray: [ '1.0.0' ],
111 silly audit   'process-nextick-args': [ '2.0.1' ],
111 silly audit   minimist: [ '1.2.8' ]
111 silly audit }
112 silly tarball no local data for minimist@https://registry.npmjs.org/minimist/-/minimist-1.2.8.tgz. Extracting by manifest.
113 silly tarball no local data for process-nextick-args@https://registry.npmjs.org/process-nextick-args/-/process-nextick-args-2.0.1.tgz. Extracting by manifest.
114 silly tarball no local data for isarray@https://registry.npmjs.org/isarray/-/isarray-1.0.0.tgz. Extracting by manifest.
115 silly tarball no local data for core-util-is@https://registry.npmjs.org/core-util-is/-/core-util-is-1.0.3.tgz. Extracting by manifest.
116 silly tarball no local data for typedarray@https://registry.npmjs.org/typedarray/-/typedarray-0.0.6.tgz. Extracting by manifest.
117 silly tarball no local data for buffer-from@https://registry.npmjs.org/buffer-from/-/buffer-from-1.1.2.tgz. Extracting by manifest.
118 silly tarball no local data for streamsearch@https://registry.npmjs.org/streamsearch/-/streamsearch-1.1.0.tgz. Extracting by manifest.
119 silly tarball no local data for xtend@https://registry.npmjs.org/xtend/-/xtend-4.0.2.tgz. Extracting by manifest.
120 silly tarball no local data for concat-stream@https://registry.npmjs.org/concat-stream/-/concat-stream-1.6.2.tgz. Extracting by manifest.
121 silly tarball no local data for busboy@https://registry.npmjs.org/busboy/-/busboy-1.6.0.tgz. Extracting by manifest.
122 silly tarball no local data for append-field@https://registry.npmjs.org/append-field/-/append-field-1.0.0.tgz. Extracting by manifest.
123 silly tarball no local data for multer@https://registry.npmjs.org/multer/-/multer-1.4.5-lts.1.tgz. Extracting by manifest.
124 silly tarball no local data for fs@https://registry.npmjs.org/fs/-/fs-0.0.1-security.tgz. Extracting by manifest.
125 silly tarball no local data for string_decoder@https://registry.npmjs.org/string_decoder/-/string_decoder-1.1.1.tgz. Extracting by manifest.
126 silly tarball no local data for safe-buffer@https://registry.npmjs.org/safe-buffer/-/safe-buffer-5.1.2.tgz. Extracting by manifest.
127 silly tarball no local data for readable-stream@https://registry.npmjs.org/readable-stream/-/readable-stream-2.3.8.tgz. Extracting by manifest.
128 silly tarball no local data for mkdirp@https://registry.npmjs.org/mkdirp/-/mkdirp-0.5.6.tgz. Extracting by manifest.
129 http fetch POST 200 https://registry.npmjs.org/-/npm/v1/security/advisories/bulk 198ms
130 timing auditReport:getReport Completed in 201ms
131 silly audit report {}
132 timing auditReport:init Completed in 0ms
133 timing reify:audit Completed in 203ms
134 http fetch GET 200 https://registry.npmjs.org/process-nextick-args/-/process-nextick-args-2.0.1.tgz 212ms (cache miss)
135 timing reifyNode:node_modules/process-nextick-args Completed in 238ms
136 http fetch GET 200 https://registry.npmjs.org/isarray/-/isarray-1.0.0.tgz 224ms (cache miss)
137 timing reifyNode:node_modules/isarray Completed in 252ms
138 http fetch GET 200 https://registry.npmjs.org/core-util-is/-/core-util-is-1.0.3.tgz 283ms (cache miss)
139 timing reifyNode:node_modules/core-util-is Completed in 318ms
140 http fetch GET 200 https://registry.npmjs.org/mkdirp/-/mkdirp-0.5.6.tgz 216ms (cache miss)
141 timing reifyNode:node_modules/multer/node_modules/mkdirp Completed in 345ms
142 http fetch GET 200 https://registry.npmjs.org/safe-buffer/-/safe-buffer-5.1.2.tgz 254ms (cache miss)
143 timing reifyNode:node_modules/concat-stream/node_modules/safe-buffer Completed in 377ms
144 http fetch GET 200 https://registry.npmjs.org/fs/-/fs-0.0.1-security.tgz 316ms (cache miss)
145 timing reifyNode:node_modules/fs Completed in 406ms
146 http fetch GET 200 https://registry.npmjs.org/xtend/-/xtend-4.0.2.tgz 353ms (cache miss)
147 timing reifyNode:node_modules/xtend Completed in 410ms
148 http fetch GET 200 https://registry.npmjs.org/buffer-from/-/buffer-from-1.1.2.tgz 366ms (cache miss)
149 timing reifyNode:node_modules/buffer-from Completed in 412ms
150 http fetch GET 200 https://registry.npmjs.org/string_decoder/-/string_decoder-1.1.1.tgz 326ms (cache miss)
151 timing reifyNode:node_modules/concat-stream/node_modules/string_decoder Completed in 419ms
152 http fetch GET 200 https://registry.npmjs.org/concat-stream/-/concat-stream-1.6.2.tgz 366ms (cache miss)
153 timing reifyNode:node_modules/concat-stream Completed in 428ms
154 http fetch GET 200 https://registry.npmjs.org/typedarray/-/typedarray-0.0.6.tgz 408ms (cache miss)
155 timing reifyNode:node_modules/typedarray Completed in 447ms
156 http fetch GET 200 https://registry.npmjs.org/append-field/-/append-field-1.0.0.tgz 371ms (cache miss)
157 timing reifyNode:node_modules/append-field Completed in 448ms
158 http fetch GET 200 https://registry.npmjs.org/streamsearch/-/streamsearch-1.1.0.tgz 401ms (cache miss)
159 timing reifyNode:node_modules/streamsearch Completed in 451ms
160 http fetch GET 200 https://registry.npmjs.org/minimist/-/minimist-1.2.8.tgz 441ms (cache miss)
161 timing reifyNode:node_modules/minimist Completed in 461ms
162 http fetch GET 200 https://registry.npmjs.org/multer/-/multer-1.4.5-lts.1.tgz 385ms (cache miss)
163 timing reifyNode:node_modules/multer Completed in 467ms
164 http fetch GET 200 https://registry.npmjs.org/readable-stream/-/readable-stream-2.3.8.tgz 347ms (cache miss)
165 timing reifyNode:node_modules/concat-stream/node_modules/readable-stream Completed in 474ms
166 http fetch GET 200 https://registry.npmjs.org/busboy/-/busboy-1.6.0.tgz 413ms (cache miss)
167 timing reifyNode:node_modules/busboy Completed in 485ms
168 timing reify:unpack Completed in 486ms
169 timing reify:unretire Completed in 0ms
170 timing build:queue Completed in 2ms
171 timing build:link:node_modules/multer/node_modules/mkdirp Completed in 4ms
172 timing build:link Completed in 4ms
173 timing build:deps Completed in 6ms
174 timing build Completed in 6ms
175 timing reify:build Completed in 6ms
176 timing reify:trash Completed in 0ms
177 timing reify:save Completed in 75ms
178 timing reify Completed in 1470ms
179 silly ADD node_modules/minimist
180 silly ADD node_modules/process-nextick-args
181 silly ADD node_modules/isarray
182 silly ADD node_modules/core-util-is
183 silly ADD node_modules/typedarray
184 silly ADD node_modules/buffer-from
185 silly ADD node_modules/streamsearch
186 silly ADD node_modules/xtend
187 silly ADD node_modules/concat-stream
188 silly ADD node_modules/concat-stream/node_modules/string_decoder
189 silly ADD node_modules/concat-stream/node_modules/safe-buffer
190 silly ADD node_modules/concat-stream/node_modules/readable-stream
191 silly ADD node_modules/busboy
192 silly ADD node_modules/append-field
193 silly ADD node_modules/multer
194 silly ADD node_modules/multer/node_modules/mkdirp
195 silly ADD node_modules/fs
196 timing command:install Completed in 1478ms
197 verbose exit 0
198 timing npm Completed in 1695ms
199 info ok
